<?xml version="1.0" encoding="UTF-8"?>
<testng-results ignored="0" total="3" passed="3" failed="0" skipped="0">
  <reporter-output>
  </reporter-output>
  <suite started-at="2022-05-23T17:17:03 CEST" name="Default suite" finished-at="2022-05-23T17:17:05 CEST" duration-ms="1923">
    <groups>
    </groups>
    <test started-at="2022-05-23T17:17:03 CEST" name="Default test" finished-at="2022-05-23T17:17:05 CEST" duration-ms="1923">
      <class name="TestGET">
        <test-method signature="test1()[pri:0, instance:TestGET@485966cc]" started-at="2022-05-23T17:17:03 CEST" name="test1" finished-at="2022-05-23T17:17:05 CEST" duration-ms="1838" status="PASS">
          <reporter-output>
          </reporter-output>
        </test-method> <!-- test1 -->
        <test-method signature="test2()[pri:0, instance:TestGET@485966cc]" started-at="2022-05-23T17:17:05 CEST" name="test2" finished-at="2022-05-23T17:17:05 CEST" duration-ms="18" status="PASS">
          <reporter-output>
          </reporter-output>
        </test-method> <!-- test2 -->
        <test-method signature="test3()[pri:0, instance:TestGET@485966cc]" started-at="2022-05-23T17:17:05 CEST" name="test3" finished-at="2022-05-23T17:17:05 CEST" duration-ms="16" status="PASS">
          <reporter-output>
          </reporter-output>
        </test-method> <!-- test3 -->
      </class> <!-- TestGET -->
    </test> <!-- Default test -->
  </suite> <!-- Default suite -->
</testng-results>
